<?xml version="1.0" encoding="UTF-8"?>
<!-- Generated by org.testng.reporters.JUnitReportReporter -->
<testsuite hostname="Ganesh-PC" failures="0" tests="1" name="com.hrms.testscripts.TC001" time="14.520" errors="0" timestamp="2022-07-31T13:42:48 IST" skipped="0">
  <testcase classname="com.hrms.testscripts.TC001" name="tc001" time="14.520"/>
  <system-out>
    <![CDATA[Application open
Title not matched
OrangeHRM - New Level of HR Management
Login completed
Title matched
Logout completed
Application closed]]>
  </system-out>
</testsuite> <!-- com.hrms.testscripts.TC001 -->
